<?xml version="1.0" encoding="UTF-8"?>
<!-- Generated by org.testng.reporters.JUnitReportReporter -->
<testsuite skipped="0" hostname="EPUAKYIW0B7A" name="test.FirstTests" tests="10" failures="0" timestamp="2022-08-24T13:00:56 CEST" time="12.504" errors="0">
  <testcase name="dropdownTest" time="0.313" classname="test.FirstTests"/>
  <system-out/>
  <testcase name="keyboardAndMouseInputTest" time="0.295" classname="test.FirstTests"/>
  <system-out/>
  <testcase name="pageScrollTest" time="0.567" classname="test.FirstTests"/>
  <system-out/>
  <testcase name="radioBtnTest" time="4.353" classname="test.FirstTests"/>
  <system-out/>
  <testcase name="putAllTogetherTest" time="1.195" classname="test.FirstTests"/>
  <system-out/>
  <testcase name="switchToTabTest" time="2.286" classname="test.FirstTests"/>
  <system-out/>
  <testcase name="switchToAlertTest" time="0.237" classname="test.FirstTests"/>
  <system-out/>
  <testcase name="javascriptExecutorTest" time="0.876" classname="test.FirstTests"/>
  <system-out/>
  <testcase name="uploadFileTest" time="0.295" classname="test.FirstTests"/>
  <system-out/>
  <testcase name="dragAndDropTest" time="2.087" classname="test.FirstTests"/>
  <system-out/>
</testsuite> <!-- test.FirstTests -->
